app/build/intermediates/manifest_merge_blame_file/debug/manifest-merger-blame-debug-report.txt
1<?xml version="1.0" encoding="utf-8"?>
2<manifest xmlns:android="http://schemas.android.com/apk/res/android"
3    package="com.serviingo.serviingo"
4    android:versionCode="1"
5    android:versionName="1.1" >
6
7    <uses-sdk
8        android:minSdkVersion="21"
8-->src\main\AndroidManifest.xml
9        android:targetSdkVersion="30" />
9-->src\main\AndroidManifest.xml
10
11    <uses-permission android:name="android.permission.INTERNET" />
11-->src\main\AndroidManifest.xml:6:5-67
11-->src\main\AndroidManifest.xml:6:22-64
12    <uses-permission android:name="android.permission.ACCESS_NETWORK_STATE" />
12-->[com.github.Rjestures:Toolkit:1.4] AndroidManifest.xml:11:5-79
12-->[com.github.Rjestures:Toolkit:1.4] AndroidManifest.xml:11:22-76
13    <uses-permission android:name="android.permission.WAKE_LOCK" />
13-->[com.google.android.gms:play-services-measurement-api:18.0.0] AndroidManifest.xml:24:5-68
13-->[com.google.android.gms:play-services-measurement-api:18.0.0] AndroidManifest.xml:24:22-65
14    <uses-permission android:name="com.google.android.c2dm.permission.RECEIVE" />
14-->[com.google.firebase:firebase-iid:11.0.2] AndroidManifest.xml:22:5-81
14-->[com.google.firebase:firebase-iid:11.0.2] AndroidManifest.xml:22:22-79
15
16    <permission
16-->[com.google.firebase:firebase-iid:11.0.2] AndroidManifest.xml:24:5-109
17        android:name="com.serviingo.serviingo.permission.C2D_MESSAGE"
17-->[com.google.firebase:firebase-iid:11.0.2] AndroidManifest.xml:24:17-71
18        android:protectionLevel="signature" />
18-->[com.google.firebase:firebase-iid:11.0.2] AndroidManifest.xml:24:72-107
19
20    <uses-permission android:name="com.serviingo.serviingo.permission.C2D_MESSAGE" />
20-->[com.google.firebase:firebase-iid:11.0.2] AndroidManifest.xml:26:5-78
20-->[com.google.firebase:firebase-iid:11.0.2] AndroidManifest.xml:26:22-76
21    <uses-permission android:name="com.google.android.finsky.permission.BIND_GET_INSTALL_REFERRER_SERVICE" />
21-->[com.google.android.gms:play-services-measurement:18.0.0] AndroidManifest.xml:26:5-110
21-->[com.google.android.gms:play-services-measurement:18.0.0] AndroidManifest.xml:26:22-107
22
23    <application
23-->src\main\AndroidManifest.xml:8:5-90:19
24        android:allowBackup="true"
24-->src\main\AndroidManifest.xml:9:9-35
25        android:appComponentFactory="androidx.core.app.CoreComponentFactory"
25-->[androidx.core:core:1.3.1] AndroidManifest.xml:24:18-86
26        android:debuggable="true"
27        android:icon="@mipmap/logo"
27-->src\main\AndroidManifest.xml:10:9-36
28        android:label="@string/app_name"
28-->src\main\AndroidManifest.xml:11:9-41
29        android:roundIcon="@mipmap/logo"
29-->src\main\AndroidManifest.xml:12:9-41
30        android:supportsRtl="true"
30-->src\main\AndroidManifest.xml:13:9-35
31        android:testOnly="true"
32        android:theme="@style/Theme.SERVIINGO" >
32-->src\main\AndroidManifest.xml:14:9-47
33        <activity android:name="com.serviingo.serviingo.Activity.Dashboard" />
33-->src\main\AndroidManifest.xml:15:9-65
33-->src\main\AndroidManifest.xml:15:19-53
34        <activity android:name="com.serviingo.serviingo.view.SubsubCategory" />
34-->src\main\AndroidManifest.xml:16:9-66
34-->src\main\AndroidManifest.xml:16:19-54
35        <activity android:name="com.serviingo.serviingo.Activity.FinancialServiceBank" />
35-->src\main\AndroidManifest.xml:17:9-76
35-->src\main\AndroidManifest.xml:17:19-64
36        <activity android:name="com.serviingo.serviingo.Activity.FinancialServiceDetail" />
36-->src\main\AndroidManifest.xml:18:9-78
36-->src\main\AndroidManifest.xml:18:19-66
37        <activity android:name="com.serviingo.serviingo.Activity.FinancialCategory" />
37-->src\main\AndroidManifest.xml:19:9-73
37-->src\main\AndroidManifest.xml:19:19-61
38        <activity android:name="com.serviingo.serviingo.Activity.Addressbook" />
38-->src\main\AndroidManifest.xml:20:9-67
38-->src\main\AndroidManifest.xml:20:19-55
39        <activity android:name="com.serviingo.serviingo.Activity.cancellationPolicy" />
39-->src\main\AndroidManifest.xml:21:9-74
39-->src\main\AndroidManifest.xml:21:19-62
40        <activity android:name="com.serviingo.serviingo.Activity.TermsandCondition" />
40-->src\main\AndroidManifest.xml:22:9-73
40-->src\main\AndroidManifest.xml:22:19-61
41        <activity android:name="com.serviingo.serviingo.Activity.servicesSubCategory" />
41-->src\main\AndroidManifest.xml:23:9-75
41-->src\main\AndroidManifest.xml:23:19-63
42        <activity android:name="com.serviingo.serviingo.Activity.Privacypolicy" />
42-->src\main\AndroidManifest.xml:24:9-69
42-->src\main\AndroidManifest.xml:24:19-57
43        <activity android:name="com.serviingo.serviingo.Activity.newActivity" />
43-->src\main\AndroidManifest.xml:25:9-67
43-->src\main\AndroidManifest.xml:25:19-55
44        <activity android:name="com.serviingo.serviingo.Activity.ChangePasswordActivity" />
44-->src\main\AndroidManifest.xml:26:9-78
44-->src\main\AndroidManifest.xml:26:19-66
45        <activity android:name="com.serviingo.serviingo.Activity.FAQ" />
45-->src\main\AndroidManifest.xml:27:9-59
45-->src\main\AndroidManifest.xml:27:19-47
46        <activity android:name="com.serviingo.serviingo.Activity.covidTest" />
46-->src\main\AndroidManifest.xml:28:9-65
46-->src\main\AndroidManifest.xml:28:19-53
47        <activity android:name="com.serviingo.serviingo.Activity.Success" />
47-->src\main\AndroidManifest.xml:29:9-63
47-->src\main\AndroidManifest.xml:29:19-51
48        <activity android:name="com.serviingo.serviingo.Activity.CheckOut" />
48-->src\main\AndroidManifest.xml:30:9-64
48-->src\main\AndroidManifest.xml:30:19-52
49        <activity android:name="com.serviingo.serviingo.Activity.AppliencesCareServices" />
49-->src\main\AndroidManifest.xml:31:9-78
49-->src\main\AndroidManifest.xml:31:19-66
50        <activity android:name="com.serviingo.serviingo.Activity.MainActivity" />
50-->src\main\AndroidManifest.xml:32:9-59
50-->src\main\AndroidManifest.xml:32:19-56
51        <activity android:name="com.serviingo.serviingo.Activity.VenderReg" />
51-->src\main\AndroidManifest.xml:33:9-65
51-->src\main\AndroidManifest.xml:33:19-53
52        <activity android:name="com.serviingo.serviingo.Activity.ReviewRatingActivity" />
52-->src\main\AndroidManifest.xml:34:9-76
52-->src\main\AndroidManifest.xml:34:19-64
53        <activity android:name="com.serviingo.serviingo.Activity.TestingAgreeCulturalUi" />
53-->src\main\AndroidManifest.xml:35:9-78
53-->src\main\AndroidManifest.xml:35:19-66
54        <activity android:name="com.serviingo.serviingo.Activity.SplashScreen" />
54-->src\main\AndroidManifest.xml:36:9-68
54-->src\main\AndroidManifest.xml:36:19-56
55        <activity android:name="com.serviingo.serviingo.Activity.LoginActivity" />
55-->src\main\AndroidManifest.xml:37:9-69
55-->src\main\AndroidManifest.xml:37:19-57
56        <activity android:name="com.serviingo.serviingo.Activity.ContactSupport" />
56-->src\main\AndroidManifest.xml:38:9-70
56-->src\main\AndroidManifest.xml:38:19-58
57        <activity android:name="com.serviingo.serviingo.Activity.subCategoryActivities" />
57-->src\main\AndroidManifest.xml:39:9-77
57-->src\main\AndroidManifest.xml:39:19-65
58        <activity android:name="com.serviingo.serviingo.Activity.RecentBooking" />
58-->src\main\AndroidManifest.xml:40:9-69
58-->src\main\AndroidManifest.xml:40:19-57
59        <activity android:name="com.serviingo.serviingo.Activity.AboutUs" />
59-->src\main\AndroidManifest.xml:41:9-63
59-->src\main\AndroidManifest.xml:41:19-51
60        <activity android:name="com.serviingo.serviingo.Activity.SignUpActivity" />
60-->src\main\AndroidManifest.xml:42:9-70
60-->src\main\AndroidManifest.xml:42:19-58
61        <activity android:name="com.serviingo.serviingo.Activity.MyWalletActivity" >
61-->src\main\AndroidManifest.xml:43:9-45:20
61-->src\main\AndroidManifest.xml:43:19-60
62        </activity>
63        <activity android:name="com.serviingo.serviingo.Activity.WelcomeActivity" >
63-->src\main\AndroidManifest.xml:46:9-48:20
63-->src\main\AndroidManifest.xml:46:19-59
64        </activity>
65        <activity android:name="com.serviingo.serviingo.Activity.OTPactivity" />
65-->src\main\AndroidManifest.xml:49:9-57
65-->src\main\AndroidManifest.xml:49:19-55
66        <activity android:name="com.serviingo.serviingo.Activity.primaryActivity" >
66-->src\main\AndroidManifest.xml:50:9-52:20
66-->src\main\AndroidManifest.xml:50:19-59
67        </activity>
68        <activity android:name="com.serviingo.serviingo.Activity.ChatActivity" >
68-->src\main\AndroidManifest.xml:53:9-55:20
68-->src\main\AndroidManifest.xml:53:19-56
69        </activity>
70        <activity android:name="com.serviingo.serviingo.Activity.Addones" >
70-->src\main\AndroidManifest.xml:56:9-58:20
70-->src\main\AndroidManifest.xml:56:19-51
71        </activity>
72        <activity android:name="com.serviingo.serviingo.Activity.ContactUsActivity" />
72-->src\main\AndroidManifest.xml:59:9-63
72-->src\main\AndroidManifest.xml:59:19-61
73        <activity android:name="com.serviingo.serviingo.Activity.Lowcontact" >
73-->src\main\AndroidManifest.xml:60:9-62:20
73-->src\main\AndroidManifest.xml:60:19-54
74        </activity>
75        <activity android:name="com.serviingo.serviingo.Activity.SelectService" >
75-->src\main\AndroidManifest.xml:63:9-65:20
75-->src\main\AndroidManifest.xml:63:19-57
76        </activity>
77        <activity android:name="com.serviingo.serviingo.Activity.FinancialService" >
77-->src\main\AndroidManifest.xml:66:9-68:20
77-->src\main\AndroidManifest.xml:66:19-60
78        </activity>
79        <activity android:name="com.serviingo.serviingo.Activity.AddressActivity" >
79-->src\main\AndroidManifest.xml:69:9-71:20
79-->src\main\AndroidManifest.xml:69:19-59
80        </activity>
81        <activity android:name="com.serviingo.serviingo.Activity.Addtocart" >
81-->src\main\AndroidManifest.xml:72:9-74:20
81-->src\main\AndroidManifest.xml:72:19-53
82        </activity>
83        <activity android:name="com.serviingo.serviingo.Activity.RefundPolicy" >
83-->src\main\AndroidManifest.xml:75:9-77:20
83-->src\main\AndroidManifest.xml:75:19-56
84        </activity>
85        <activity android:name="com.serviingo.serviingo.Activity.SubcategoryActivity" />
85-->src\main\AndroidManifest.xml:78:9-65
85-->src\main\AndroidManifest.xml:78:19-63
86        <activity android:name="com.serviingo.serviingo.Activity.ProfileActivity" >
86-->src\main\AndroidManifest.xml:79:9-85:20
86-->src\main\AndroidManifest.xml:79:19-59
87            <intent-filter>
87-->src\main\AndroidManifest.xml:80:13-84:29
88                <action android:name="android.intent.action.MAIN" />
88-->src\main\AndroidManifest.xml:81:17-69
88-->src\main\AndroidManifest.xml:81:25-66
89
90                <category android:name="android.intent.category.LAUNCHER" />
90-->src\main\AndroidManifest.xml:83:17-77
90-->src\main\AndroidManifest.xml:83:27-74
91            </intent-filter>
92        </activity>
93
94        <meta-data
94-->src\main\AndroidManifest.xml:87:9-89:57
95            android:name="preloaded_fonts"
95-->src\main\AndroidManifest.xml:88:13-43
96            android:resource="@array/preloaded_fonts" />
96-->src\main\AndroidManifest.xml:89:13-54
97
98        <service
98-->[com.google.firebase:firebase-crashlytics:17.3.0] AndroidManifest.xml:15:9-21:19
99            android:name="com.google.firebase.components.ComponentDiscoveryService"
99-->[com.google.firebase:firebase-crashlytics:17.3.0] AndroidManifest.xml:16:13-84
100            android:directBootAware="true"
100-->[com.google.firebase:firebase-common:19.4.0] AndroidManifest.xml:35:13-43
101            android:exported="false" >
101-->[com.google.firebase:firebase-crashlytics:17.3.0] AndroidManifest.xml:17:13-37
102            <meta-data
102-->[com.google.firebase:firebase-crashlytics:17.3.0] AndroidManifest.xml:18:13-20:85
103                android:name="com.google.firebase.components:com.google.firebase.crashlytics.CrashlyticsRegistrar"
103-->[com.google.firebase:firebase-crashlytics:17.3.0] AndroidManifest.xml:19:17-115
104                android:value="com.google.firebase.components.ComponentRegistrar" />
104-->[com.google.firebase:firebase-crashlytics:17.3.0] AndroidManifest.xml:20:17-82
105            <meta-data
105-->[com.google.firebase:firebase-auth:20.0.1] AndroidManifest.xml:77:13-79:85
106                android:name="com.google.firebase.components:com.google.firebase.auth.FirebaseAuthRegistrar"
106-->[com.google.firebase:firebase-auth:20.0.1] AndroidManifest.xml:78:17-109
107                android:value="com.google.firebase.components.ComponentRegistrar" />
107-->[com.google.firebase:firebase-auth:20.0.1] AndroidManifest.xml:79:17-82
108            <meta-data
108-->[com.google.firebase:firebase-config:20.0.2] AndroidManifest.xml:32:13-34:85
109                android:name="com.google.firebase.components:com.google.firebase.remoteconfig.RemoteConfigRegistrar"
109-->[com.google.firebase:firebase-config:20.0.2] AndroidManifest.xml:33:17-117
110                android:value="com.google.firebase.components.ComponentRegistrar" />
110-->[com.google.firebase:firebase-config:20.0.2] AndroidManifest.xml:34:17-82
111            <meta-data
111-->[com.google.android.gms:play-services-measurement-api:18.0.0] AndroidManifest.xml:30:13-32:85
112                android:name="com.google.firebase.components:com.google.firebase.analytics.connector.internal.AnalyticsConnectorRegistrar"
112-->[com.google.android.gms:play-services-measurement-api:18.0.0] AndroidManifest.xml:31:17-139
113                android:value="com.google.firebase.components.ComponentRegistrar" />
113-->[com.google.android.gms:play-services-measurement-api:18.0.0] AndroidManifest.xml:32:17-82
114            <meta-data
114-->[com.google.firebase:firebase-installations:16.3.4] AndroidManifest.xml:18:13-20:85
115                android:name="com.google.firebase.components:com.google.firebase.installations.FirebaseInstallationsRegistrar"
115-->[com.google.firebase:firebase-installations:16.3.4] AndroidManifest.xml:19:17-127
116                android:value="com.google.firebase.components.ComponentRegistrar" />
116-->[com.google.firebase:firebase-installations:16.3.4] AndroidManifest.xml:20:17-82
117            <meta-data
117-->[com.google.firebase:firebase-abt:20.0.0] AndroidManifest.xml:13:13-15:85
118                android:name="com.google.firebase.components:com.google.firebase.abt.component.AbtRegistrar"
118-->[com.google.firebase:firebase-abt:20.0.0] AndroidManifest.xml:14:17-109
119                android:value="com.google.firebase.components.ComponentRegistrar" />
119-->[com.google.firebase:firebase-abt:20.0.0] AndroidManifest.xml:15:17-82
120        </service>
121        <!--
122 FirebaseMessagingService performs security checks at runtime,
123             no need for explicit permissions despite exported="true"
124        -->
125        <service
125-->[com.google.firebase:firebase-messaging:11.0.2] AndroidManifest.xml:23:9-27:19
126            android:name="com.google.firebase.messaging.FirebaseMessagingService"
126-->[com.google.firebase:firebase-messaging:11.0.2] AndroidManifest.xml:23:18-87
127            android:exported="true" >
127-->[com.google.firebase:firebase-messaging:11.0.2] AndroidManifest.xml:23:88-111
128            <intent-filter android:priority="-500" >
128-->[com.google.firebase:firebase-messaging:11.0.2] AndroidManifest.xml:24:13-26:29
128-->[com.google.firebase:firebase-messaging:11.0.2] AndroidManifest.xml:24:28-51
129                <action android:name="com.google.firebase.MESSAGING_EVENT" />
129-->[com.google.firebase:firebase-messaging:11.0.2] AndroidManifest.xml:25:17-77
129-->[com.google.firebase:firebase-messaging:11.0.2] AndroidManifest.xml:25:25-75
130            </intent-filter>
131        </service>
132
133        <provider
133-->[com.squareup.picasso:picasso:2.71828] AndroidManifest.xml:8:9-11:40
134            android:name="com.squareup.picasso.PicassoProvider"
134-->[com.squareup.picasso:picasso:2.71828] AndroidManifest.xml:9:13-64
135            android:authorities="com.serviingo.serviingo.com.squareup.picasso"
135-->[com.squareup.picasso:picasso:2.71828] AndroidManifest.xml:10:13-72
136            android:exported="false" />
136-->[com.squareup.picasso:picasso:2.71828] AndroidManifest.xml:11:13-37
137
138        <activity
138-->[com.google.firebase:firebase-auth:20.0.1] AndroidManifest.xml:27:9-44:20
139            android:name="com.google.firebase.auth.internal.GenericIdpActivity"
139-->[com.google.firebase:firebase-auth:20.0.1] AndroidManifest.xml:28:13-80
140            android:excludeFromRecents="true"
140-->[com.google.firebase:firebase-auth:20.0.1] AndroidManifest.xml:29:13-46
141            android:exported="true"
141-->[com.google.firebase:firebase-auth:20.0.1] AndroidManifest.xml:30:13-36
142            android:launchMode="singleTask"
142-->[com.google.firebase:firebase-auth:20.0.1] AndroidManifest.xml:31:13-44
143            android:theme="@android:style/Theme.Translucent.NoTitleBar" >
143-->[com.google.firebase:firebase-auth:20.0.1] AndroidManifest.xml:32:13-72
144            <intent-filter>
144-->[com.google.firebase:firebase-auth:20.0.1] AndroidManifest.xml:33:13-43:29
145                <action android:name="android.intent.action.VIEW" />
145-->[com.google.firebase:firebase-auth:20.0.1] AndroidManifest.xml:34:17-69
145-->[com.google.firebase:firebase-auth:20.0.1] AndroidManifest.xml:34:25-66
146
147                <category android:name="android.intent.category.DEFAULT" />
147-->[com.google.firebase:firebase-auth:20.0.1] AndroidManifest.xml:36:17-76
147-->[com.google.firebase:firebase-auth:20.0.1] AndroidManifest.xml:36:27-73
148                <category android:name="android.intent.category.BROWSABLE" />
148-->[com.google.firebase:firebase-auth:20.0.1] AndroidManifest.xml:37:17-78
148-->[com.google.firebase:firebase-auth:20.0.1] AndroidManifest.xml:37:27-75
149
150                <data
150-->[com.google.firebase:firebase-auth:20.0.1] AndroidManifest.xml:39:17-42:51
151                    android:host="firebase.auth"
151-->[com.google.firebase:firebase-auth:20.0.1] AndroidManifest.xml:40:21-49
152                    android:path="/"
152-->[com.google.firebase:firebase-auth:20.0.1] AndroidManifest.xml:41:21-37
153                    android:scheme="genericidp" />
153-->[com.google.firebase:firebase-auth:20.0.1] AndroidManifest.xml:42:21-48
154            </intent-filter>
155        </activity>
156        <activity
156-->[com.google.firebase:firebase-auth:20.0.1] AndroidManifest.xml:45:9-62:20
157            android:name="com.google.firebase.auth.internal.RecaptchaActivity"
157-->[com.google.firebase:firebase-auth:20.0.1] AndroidManifest.xml:46:13-79
158            android:excludeFromRecents="true"
158-->[com.google.firebase:firebase-auth:20.0.1] AndroidManifest.xml:47:13-46
159            android:exported="true"
159-->[com.google.firebase:firebase-auth:20.0.1] AndroidManifest.xml:48:13-36
160            android:launchMode="singleTask"
160-->[com.google.firebase:firebase-auth:20.0.1] AndroidManifest.xml:49:13-44
161            android:theme="@android:style/Theme.Translucent.NoTitleBar" >
161-->[com.google.firebase:firebase-auth:20.0.1] AndroidManifest.xml:50:13-72
162            <intent-filter>
162-->[com.google.firebase:firebase-auth:20.0.1] AndroidManifest.xml:51:13-61:29
163                <action android:name="android.intent.action.VIEW" />
163-->[com.google.firebase:firebase-auth:20.0.1] AndroidManifest.xml:34:17-69
163-->[com.google.firebase:firebase-auth:20.0.1] AndroidManifest.xml:34:25-66
164
165                <category android:name="android.intent.category.DEFAULT" />
165-->[com.google.firebase:firebase-auth:20.0.1] AndroidManifest.xml:36:17-76
165-->[com.google.firebase:firebase-auth:20.0.1] AndroidManifest.xml:36:27-73
166                <category android:name="android.intent.category.BROWSABLE" />
166-->[com.google.firebase:firebase-auth:20.0.1] AndroidManifest.xml:37:17-78
166-->[com.google.firebase:firebase-auth:20.0.1] AndroidManifest.xml:37:27-75
167
168                <data
168-->[com.google.firebase:firebase-auth:20.0.1] AndroidManifest.xml:39:17-42:51
169                    android:host="firebase.auth"
169-->[com.google.firebase:firebase-auth:20.0.1] AndroidManifest.xml:40:21-49
170                    android:path="/"
170-->[com.google.firebase:firebase-auth:20.0.1] AndroidManifest.xml:41:21-37
171                    android:scheme="recaptcha" />
171-->[com.google.firebase:firebase-auth:20.0.1] AndroidManifest.xml:42:21-48
172            </intent-filter>
173        </activity>
174
175        <service
175-->[com.google.firebase:firebase-auth:20.0.1] AndroidManifest.xml:64:9-73:19
176            android:name="com.google.firebase.auth.api.fallback.service.FirebaseAuthFallbackService"
176-->[com.google.firebase:firebase-auth:20.0.1] AndroidManifest.xml:65:13-101
177            android:enabled="true"
177-->[com.google.firebase:firebase-auth:20.0.1] AndroidManifest.xml:66:13-35
178            android:exported="false" >
178-->[com.google.firebase:firebase-auth:20.0.1] AndroidManifest.xml:67:13-37
179            <intent-filter>
179-->[com.google.firebase:firebase-auth:20.0.1] AndroidManifest.xml:68:13-72:29
180                <action android:name="com.google.firebase.auth.api.gms.service.START" />
180-->[com.google.firebase:firebase-auth:20.0.1] AndroidManifest.xml:69:17-89
180-->[com.google.firebase:firebase-auth:20.0.1] AndroidManifest.xml:69:25-86
181
182                <category android:name="android.intent.category.DEFAULT" />
182-->[com.google.firebase:firebase-auth:20.0.1] AndroidManifest.xml:36:17-76
182-->[com.google.firebase:firebase-auth:20.0.1] AndroidManifest.xml:36:27-73
183            </intent-filter>
184        </service>
185
186        <activity
186-->[com.google.android.gms:play-services-auth:19.0.0] AndroidManifest.xml:23:9-27:75
187            android:name="com.google.android.gms.auth.api.signin.internal.SignInHubActivity"
187-->[com.google.android.gms:play-services-auth:19.0.0] AndroidManifest.xml:24:13-93
188            android:excludeFromRecents="true"
188-->[com.google.android.gms:play-services-auth:19.0.0] AndroidManifest.xml:25:13-46
189            android:exported="false"
189-->[com.google.android.gms:play-services-auth:19.0.0] AndroidManifest.xml:26:13-37
190            android:theme="@android:style/Theme.Translucent.NoTitleBar" />
190-->[com.google.android.gms:play-services-auth:19.0.0] AndroidManifest.xml:27:13-72
191        <!--
192            Service handling Google Sign-In user revocation. For apps that do not integrate with
193            Google Sign-In, this service will never be started.
194        -->
195        <service
195-->[com.google.android.gms:play-services-auth:19.0.0] AndroidManifest.xml:33:9-37:51
196            android:name="com.google.android.gms.auth.api.signin.RevocationBoundService"
196-->[com.google.android.gms:play-services-auth:19.0.0] AndroidManifest.xml:34:13-89
197            android:exported="true"
197-->[com.google.android.gms:play-services-auth:19.0.0] AndroidManifest.xml:35:13-36
198            android:permission="com.google.android.gms.auth.api.signin.permission.REVOCATION_NOTIFICATION"
198-->[com.google.android.gms:play-services-auth:19.0.0] AndroidManifest.xml:36:13-107
199            android:visibleToInstantApps="true" />
199-->[com.google.android.gms:play-services-auth:19.0.0] AndroidManifest.xml:37:13-48
200
201        <activity
201-->[com.google.android.gms:play-services-base:17.1.0] AndroidManifest.xml:23:9-26:75
202            android:name="com.google.android.gms.common.api.GoogleApiActivity"
202-->[com.google.android.gms:play-services-base:17.1.0] AndroidManifest.xml:24:13-79
203            android:exported="false"
203-->[com.google.android.gms:play-services-base:17.1.0] AndroidManifest.xml:25:13-37
204            android:theme="@android:style/Theme.Translucent.NoTitleBar" />
204-->[com.google.android.gms:play-services-base:17.1.0] AndroidManifest.xml:26:13-72
205
206        <receiver
206-->[com.google.firebase:firebase-iid:11.0.2] AndroidManifest.xml:30:9-35:20
207            android:name="com.google.firebase.iid.FirebaseInstanceIdReceiver"
207-->[com.google.firebase:firebase-iid:11.0.2] AndroidManifest.xml:30:19-84
208            android:exported="true"
208-->[com.google.firebase:firebase-iid:11.0.2] AndroidManifest.xml:30:85-108
209            android:permission="com.google.android.c2dm.permission.SEND" >
209-->[com.google.firebase:firebase-iid:11.0.2] AndroidManifest.xml:30:109-169
210            <intent-filter>
210-->[com.google.firebase:firebase-iid:11.0.2] AndroidManifest.xml:31:13-34:29
211                <action android:name="com.google.android.c2dm.intent.RECEIVE" />
211-->[com.google.firebase:firebase-iid:11.0.2] AndroidManifest.xml:32:17-80
211-->[com.google.firebase:firebase-iid:11.0.2] AndroidManifest.xml:32:25-78
212
213                <category android:name="com.serviingo.serviingo" />
213-->[com.google.firebase:firebase-iid:11.0.2] AndroidManifest.xml:33:17-60
213-->[com.google.firebase:firebase-iid:11.0.2] AndroidManifest.xml:33:27-58
214            </intent-filter>
215        </receiver>
216        <!--
217 Internal (not exported) receiver used by the app to start its own exported services
218             without risk of being spoofed.
219        -->
220        <receiver
220-->[com.google.firebase:firebase-iid:11.0.2] AndroidManifest.xml:39:9-119
221            android:name="com.google.firebase.iid.FirebaseInstanceIdInternalReceiver"
221-->[com.google.firebase:firebase-iid:11.0.2] AndroidManifest.xml:39:19-92
222            android:exported="false" />
222-->[com.google.firebase:firebase-iid:11.0.2] AndroidManifest.xml:39:93-117
223        <!--
224 FirebaseInstanceIdService performs security checks at runtime,
225             no need for explicit permissions despite exported="true"
226        -->
227        <service
227-->[com.google.firebase:firebase-iid:11.0.2] AndroidManifest.xml:43:9-47:19
228            android:name="com.google.firebase.iid.FirebaseInstanceIdService"
228-->[com.google.firebase:firebase-iid:11.0.2] AndroidManifest.xml:43:18-82
229            android:exported="true" >
229-->[com.google.firebase:firebase-iid:11.0.2] AndroidManifest.xml:43:83-106
230            <intent-filter android:priority="-500" >
230-->[com.google.firebase:firebase-iid:11.0.2] AndroidManifest.xml:44:13-46:29
230-->[com.google.firebase:firebase-iid:11.0.2] AndroidManifest.xml:44:28-51
231                <action android:name="com.google.firebase.INSTANCE_ID_EVENT" />
231-->[com.google.firebase:firebase-iid:11.0.2] AndroidManifest.xml:45:17-79
231-->[com.google.firebase:firebase-iid:11.0.2] AndroidManifest.xml:45:25-77
232            </intent-filter>
233        </service>
234
235        <provider
235-->[com.google.firebase:firebase-common:19.4.0] AndroidManifest.xml:26:9-31:39
236            android:name="com.google.firebase.provider.FirebaseInitProvider"
236-->[com.google.firebase:firebase-common:19.4.0] AndroidManifest.xml:27:13-77
237            android:authorities="com.serviingo.serviingo.firebaseinitprovider"
237-->[com.google.firebase:firebase-common:19.4.0] AndroidManifest.xml:28:13-72
238            android:directBootAware="true"
238-->[com.google.firebase:firebase-common:19.4.0] AndroidManifest.xml:29:13-43
239            android:exported="false"
239-->[com.google.firebase:firebase-common:19.4.0] AndroidManifest.xml:30:13-37
240            android:initOrder="100" />
240-->[com.google.firebase:firebase-common:19.4.0] AndroidManifest.xml:31:13-36
241
242        <receiver
242-->[com.google.android.gms:play-services-measurement:18.0.0] AndroidManifest.xml:29:9-33:20
243            android:name="com.google.android.gms.measurement.AppMeasurementReceiver"
243-->[com.google.android.gms:play-services-measurement:18.0.0] AndroidManifest.xml:30:13-85
244            android:enabled="true"
244-->[com.google.android.gms:play-services-measurement:18.0.0] AndroidManifest.xml:31:13-35
245            android:exported="false" >
245-->[com.google.android.gms:play-services-measurement:18.0.0] AndroidManifest.xml:32:13-37
246        </receiver>
247
248        <service
248-->[com.google.android.gms:play-services-measurement:18.0.0] AndroidManifest.xml:35:9-38:40
249            android:name="com.google.android.gms.measurement.AppMeasurementService"
249-->[com.google.android.gms:play-services-measurement:18.0.0] AndroidManifest.xml:36:13-84
250            android:enabled="true"
250-->[com.google.android.gms:play-services-measurement:18.0.0] AndroidManifest.xml:37:13-35
251            android:exported="false" />
251-->[com.google.android.gms:play-services-measurement:18.0.0] AndroidManifest.xml:38:13-37
252        <service
252-->[com.google.android.gms:play-services-measurement:18.0.0] AndroidManifest.xml:39:9-43:72
253            android:name="com.google.android.gms.measurement.AppMeasurementJobService"
253-->[com.google.android.gms:play-services-measurement:18.0.0] AndroidManifest.xml:40:13-87
254            android:enabled="true"
254-->[com.google.android.gms:play-services-measurement:18.0.0] AndroidManifest.xml:41:13-35
255            android:exported="false"
255-->[com.google.android.gms:play-services-measurement:18.0.0] AndroidManifest.xml:42:13-37
256            android:permission="android.permission.BIND_JOB_SERVICE" />
256-->[com.google.android.gms:play-services-measurement:18.0.0] AndroidManifest.xml:43:13-69
257
258        <meta-data
258-->[com.google.android.gms:play-services-basement:17.2.1] AndroidManifest.xml:23:9-25:69
259            android:name="com.google.android.gms.version"
259-->[com.google.android.gms:play-services-basement:17.2.1] AndroidManifest.xml:24:13-58
260            android:value="@integer/google_play_services_version" />
260-->[com.google.android.gms:play-services-basement:17.2.1] AndroidManifest.xml:25:13-66
261
262        <service